Using pre-set license
Built from '2020.2/release' branch; Version is '2020.2.1f1 (270dd8c3da1c) revision 2559448'; Using compiler version '192528614'; Build Type 'Release'
OS: 'Windows 10  (10.0.0) 64bit' Language: 'en' Physical Memory: 16115 MB
BatchMode: 1, IsHumanControllingUs: 0, StartBugReporterOnCrash: 0, Is64bit: 1, IsPro: 0

 COMMAND LINE ARGUMENTS:
C:\Program Files\Unity\Hub\Editor\2020.2.1f1\Editor\Unity.exe
-adb2
-batchMode
-noUpm
-name
AssetImportWorker0
-projectPath
C:/Users/tamji/OneDrive/Documents/Firefly
-logFile
Logs/AssetImportWorker0.log
-srvPort
61226
Successfully changed project path to: C:/Users/tamji/OneDrive/Documents/Firefly
C:/Users/tamji/OneDrive/Documents/Firefly
Using Asset Import Pipeline V2.
Refreshing native plugins compatible for Editor in 53.40 ms, found 3 plugins.
Preloading 0 native plugins for Editor in 0.00 ms.
Initialize engine version: 2020.2.1f1 (270dd8c3da1c)
[Subsystems] Discovering subsystems at path C:/Program Files/Unity/Hub/Editor/2020.2.1f1/Editor/Data/Resources/UnitySubsystems
[Subsystems] Discovering subsystems at path C:/Users/tamji/OneDrive/Documents/Firefly/Assets
GfxDevice: creating device client; threaded=0
Direct3D:
    Version:  Direct3D 11.0 [level 11.1]
    Renderer: NVIDIA GeForce GTX 1050 Ti with Max-Q Design (ID=0x1c8c)
    Vendor:   
    VRAM:     4021 MB
    Driver:   27.21.14.6140
Initialize mono
Mono path[0] = 'C:/Program Files/Unity/Hub/Editor/2020.2.1f1/Editor/Data/Managed'
Mono path[1] = 'C:/Program Files/Unity/Hub/Editor/2020.2.1f1/Editor/Data/MonoBleedingEdge/lib/mono/unityjit'
Mono config path = 'C:/Program Files/Unity/Hub/Editor/2020.2.1f1/Editor/Data/MonoBleedingEdge/etc'
Using monoOptions --debugger-agent=transport=dt_socket,embedding=1,server=y,suspend=n,address=127.0.0.1:56604
Begin MonoManager ReloadAssembly
Registering precompiled unity dll's ...
Register platform support module: C:/Program Files/Unity/Hub/Editor/2020.2.1f1/Editor/Data/PlaybackEngines/WindowsStandaloneSupport/UnityEditor.WindowsStandalone.Extensions.dll
Registered in 0.002852 seconds.
Native extension for WindowsStandalone target not found
Refreshing native plugins compatible for Editor in 42.38 ms, found 3 plugins.
Preloading 0 native plugins for Editor in 0.00 ms.
Invoked RoslynAnalysisRunner static constructor.
RoslynAnalysisRunner will not be running.
RoslynAnalysisRunner has terminated.
Mono: successfully reloaded assembly
- Completed reload, in  1.036 seconds
Platform modules already initialized, skipping
Registering precompiled user dll's ...
Registered in 0.006570 seconds.
Begin MonoManager ReloadAssembly
Native extension for WindowsStandalone target not found
Refreshing native plugins compatible for Editor in 45.40 ms, found 3 plugins.
Preloading 0 native plugins for Editor in 0.00 ms.
Invoked RoslynAnalysisRunner static constructor.
RoslynAnalysisRunner will not be running.
RoslynAnalysisRunner has terminated.
Mono: successfully reloaded assembly
- Completed reload, in  1.178 seconds
Platform modules already initialized, skipping
========================================================================
Worker process is ready to serve import requests
Launched and connected shader compiler UnityShaderCompiler.exe after 0.04 seconds
Refreshing native plugins compatible for Editor in 0.44 ms, found 3 plugins.
Preloading 0 native plugins for Editor in 0.00 ms.
Unloading 2376 Unused Serialized files (Serialized files now loaded: 0)
System memory in use before: 102.5 MB.
System memory in use after: 102.7 MB.

Unloading 30 unused Assets to reduce memory usage. Loaded Objects now: 2814.
Total: 2.654500 ms (FindLiveObjects: 0.219300 ms CreateObjectMapping: 0.092500 ms MarkObjects: 2.296200 ms  DeleteObjects: 0.044700 ms)

========================================================================
Received Import Request.
  path: Assets/Input Actions.inputactions
  artifactKey: Guid(f921033d445ec7d498dd67199d32466b) Importer(815301076,1909f56bfc062723c751e8b465ee728b)
Start importing Assets/Input Actions.inputactions using Guid(f921033d445ec7d498dd67199d32466b) Importer(815301076,1909f56bfc062723c751e8b465ee728b)  -> (artifact id: '3f5f24a244c6186fdb2e6f6341da7758') in 0.063475 seconds
  Import took 0.067486 seconds .

========================================================================
Received Import Request.
  Time since last request: 2.806035 seconds.
  path: Assets/Scenes
  artifactKey: Guid(021938ff17dac4640b75303570ebc70e) Importer(815301076,1909f56bfc062723c751e8b465ee728b)
Start importing Assets/Scenes using Guid(021938ff17dac4640b75303570ebc70e) Importer(815301076,1909f56bfc062723c751e8b465ee728b)  -> (artifact id: 'be022a0f8bf1b18bf5fed17e06d8dca1') in 0.014735 seconds
  Import took 0.019053 seconds .

========================================================================
Received Import Request.
  Time since last request: 1.619785 seconds.
  path: Assets/Scenes/SampleScene.unity
  artifactKey: Guid(2cda990e2423bbf4892e6590ba056729) Importer(815301076,1909f56bfc062723c751e8b465ee728b)
Start importing Assets/Scenes/SampleScene.unity using Guid(2cda990e2423bbf4892e6590ba056729) Importer(815301076,1909f56bfc062723c751e8b465ee728b)  -> (artifact id: 'e3e9d4b76f855ecf1ec26fcbe799c8a2') in 0.019401 seconds
  Import took 0.024665 seconds .

========================================================================
Received Import Request.
  Time since last request: 0.012629 seconds.
  path: Assets/Scenes/SampleScene.unity
  artifactKey: Guid(2cda990e2423bbf4892e6590ba056729) Importer(815301076,1909f56bfc062723c751e8b465ee728b)
Start importing Assets/Scenes/SampleScene.unity using Guid(2cda990e2423bbf4892e6590ba056729) Importer(815301076,1909f56bfc062723c751e8b465ee728b)  -> (artifact id: 'e3e9d4b76f855ecf1ec26fcbe799c8a2') in 0.005989 seconds
  Import took 0.011399 seconds .

========================================================================
Received Prepare
Registering precompiled user dll's ...
Registered in 0.006098 seconds.
Begin MonoManager ReloadAssembly
Native extension for WindowsStandalone target not found
Refreshing native plugins compatible for Editor in 0.51 ms, found 3 plugins.
Preloading 0 native plugins for Editor in 0.00 ms.
Invoked RoslynAnalysisRunner static constructor.
RoslynAnalysisRunner will not be running.
RoslynAnalysisRunner has terminated.
Mono: successfully reloaded assembly
- Completed reload, in  1.045 seconds
Platform modules already initialized, skipping
Refreshing native plugins compatible for Editor in 0.47 ms, found 3 plugins.
Preloading 0 native plugins for Editor in 0.00 ms.
Unloading 2366 Unused Serialized files (Serialized files now loaded: 0)
System memory in use before: 102.4 MB.
System memory in use after: 102.7 MB.

Unloading 16 unused Assets to reduce memory usage. Loaded Objects now: 2818.
Total: 2.600400 ms (FindLiveObjects: 0.238600 ms CreateObjectMapping: 0.161400 ms MarkObjects: 2.183700 ms  DeleteObjects: 0.015300 ms)

========================================================================
Received Import Request.
  Time since last request: 131.542314 seconds.
  path: Assets/Scripts
  artifactKey: Guid(6e8d646b515b1d04a92e0f90d0b82d1a) Importer(815301076,1909f56bfc062723c751e8b465ee728b)
Start importing Assets/Scripts using Guid(6e8d646b515b1d04a92e0f90d0b82d1a) Importer(815301076,1909f56bfc062723c751e8b465ee728b)  -> (artifact id: '9dbbcdd5360a1000886199b675d3de82') in 0.023560 seconds
  Import took 0.029874 seconds .

========================================================================
Received Import Request.
  Time since last request: 1.042129 seconds.
  path: Assets/Scripts/Player
  artifactKey: Guid(7b5025a488fab2145b86d64d4881dfb3) Importer(815301076,1909f56bfc062723c751e8b465ee728b)
Start importing Assets/Scripts/Player using Guid(7b5025a488fab2145b86d64d4881dfb3) Importer(815301076,1909f56bfc062723c751e8b465ee728b)  -> (artifact id: 'a657151bbb87cb67e4dea047f1f7c0a2') in 0.016430 seconds
  Import took 0.020281 seconds .

========================================================================
Received Import Request.
  Time since last request: 2.941326 seconds.
  path: Assets/Scripts/Player/Player.cs
  artifactKey: Guid(7b159ddd2c6c3ec4daa201d4544e6b2a) Importer(815301076,1909f56bfc062723c751e8b465ee728b)
Start importing Assets/Scripts/Player/Player.cs using Guid(7b159ddd2c6c3ec4daa201d4544e6b2a) Importer(815301076,1909f56bfc062723c751e8b465ee728b)  -> (artifact id: 'ccc532e92400d0645f792d4694a32fb1') in 0.022836 seconds
  Import took 0.027967 seconds .

========================================================================
Received Import Request.
  Time since last request: 219.245216 seconds.
  path: Assets/Scripts/Player/CameraFollow.cs
  artifactKey: Guid(68bebf4543dbabb4a98618345031b764) Importer(815301076,1909f56bfc062723c751e8b465ee728b)
Start importing Assets/Scripts/Player/CameraFollow.cs using Guid(68bebf4543dbabb4a98618345031b764) Importer(815301076,1909f56bfc062723c751e8b465ee728b)  -> (artifact id: '27903cebe6a72f58ea757ba7aecb6d73') in 0.016453 seconds
  Import took 0.021937 seconds .

========================================================================
Received Prepare
Registering precompiled user dll's ...
Registered in 0.006061 seconds.
Begin MonoManager ReloadAssembly
Native extension for WindowsStandalone target not found
Refreshing native plugins compatible for Editor in 0.45 ms, found 3 plugins.
Preloading 0 native plugins for Editor in 0.00 ms.
Invoked RoslynAnalysisRunner static constructor.
RoslynAnalysisRunner will not be running.
RoslynAnalysisRunner has terminated.
Mono: successfully reloaded assembly
- Completed reload, in  1.146 seconds
Platform modules already initialized, skipping
Refreshing native plugins compatible for Editor in 0.51 ms, found 3 plugins.
Preloading 0 native plugins for Editor in 0.00 ms.
Unloading 2367 Unused Serialized files (Serialized files now loaded: 0)
System memory in use before: 102.6 MB.
System memory in use after: 102.8 MB.

Unloading 16 unused Assets to reduce memory usage. Loaded Objects now: 2823.
Total: 2.304200 ms (FindLiveObjects: 0.241400 ms CreateObjectMapping: 0.105100 ms MarkObjects: 1.936800 ms  DeleteObjects: 0.019000 ms)

========================================================================
Received Import Request.
  Time since last request: 141.807872 seconds.
  path: Assets/Scripts/Player/CameraFollow.cs
  artifactKey: Guid(68bebf4543dbabb4a98618345031b764) Importer(815301076,1909f56bfc062723c751e8b465ee728b)
Start importing Assets/Scripts/Player/CameraFollow.cs using Guid(68bebf4543dbabb4a98618345031b764) Importer(815301076,1909f56bfc062723c751e8b465ee728b)  -> (artifact id: '7da124c07c6d985dcd2dfbe29dcf18fc') in 0.009676 seconds
  Import took 0.013943 seconds .

========================================================================
Received Import Request.
  Time since last request: 0.000860 seconds.
  path: Assets/Scripts/Player/CameraFollow.cs
  artifactKey: Guid(68bebf4543dbabb4a98618345031b764) Importer(815301076,1909f56bfc062723c751e8b465ee728b)
Start importing Assets/Scripts/Player/CameraFollow.cs using Guid(68bebf4543dbabb4a98618345031b764) Importer(815301076,1909f56bfc062723c751e8b465ee728b)  -> (artifact id: '7da124c07c6d985dcd2dfbe29dcf18fc') in 0.006044 seconds
  Import took 0.010980 seconds .

========================================================================
Received Prepare
Registering precompiled user dll's ...
Registered in 0.006234 seconds.
Begin MonoManager ReloadAssembly
Native extension for WindowsStandalone target not found
Refreshing native plugins compatible for Editor in 0.44 ms, found 3 plugins.
Preloading 0 native plugins for Editor in 0.00 ms.
Invoked RoslynAnalysisRunner static constructor.
RoslynAnalysisRunner will not be running.
RoslynAnalysisRunner has terminated.
Mono: successfully reloaded assembly
- Completed reload, in  1.042 seconds
Platform modules already initialized, skipping
Refreshing native plugins compatible for Editor in 0.48 ms, found 3 plugins.
Preloading 0 native plugins for Editor in 0.00 ms.
Unloading 2367 Unused Serialized files (Serialized files now loaded: 0)
System memory in use before: 102.7 MB.
System memory in use after: 102.9 MB.

Unloading 16 unused Assets to reduce memory usage. Loaded Objects now: 2827.
Total: 2.373400 ms (FindLiveObjects: 0.229600 ms CreateObjectMapping: 0.101100 ms MarkObjects: 2.022500 ms  DeleteObjects: 0.018800 ms)

========================================================================
Received Prepare
Registering precompiled user dll's ...
Registered in 0.006492 seconds.
Begin MonoManager ReloadAssembly
Native extension for WindowsStandalone target not found
Refreshing native plugins compatible for Editor in 0.44 ms, found 3 plugins.
Preloading 0 native plugins for Editor in 0.00 ms.
Invoked RoslynAnalysisRunner static constructor.
RoslynAnalysisRunner will not be running.
RoslynAnalysisRunner has terminated.
Mono: successfully reloaded assembly
- Completed reload, in  1.074 seconds
Platform modules already initialized, skipping
Refreshing native plugins compatible for Editor in 0.50 ms, found 3 plugins.
Preloading 0 native plugins for Editor in 0.00 ms.
Unloading 2367 Unused Serialized files (Serialized files now loaded: 0)
System memory in use before: 102.8 MB.
System memory in use after: 103.0 MB.

Unloading 16 unused Assets to reduce memory usage. Loaded Objects now: 2831.
Total: 2.398200 ms (FindLiveObjects: 0.266100 ms CreateObjectMapping: 0.106100 ms MarkObjects: 2.008800 ms  DeleteObjects: 0.015900 ms)

========================================================================
Received Prepare
Registering precompiled user dll's ...
Registered in 0.005949 seconds.
Begin MonoManager ReloadAssembly
Native extension for WindowsStandalone target not found
Refreshing native plugins compatible for Editor in 0.55 ms, found 3 plugins.
Preloading 0 native plugins for Editor in 0.00 ms.
Invoked RoslynAnalysisRunner static constructor.
RoslynAnalysisRunner will not be running.
RoslynAnalysisRunner has terminated.
Mono: successfully reloaded assembly
- Completed reload, in  1.082 seconds
Platform modules already initialized, skipping
Refreshing native plugins compatible for Editor in 0.52 ms, found 3 plugins.
Preloading 0 native plugins for Editor in 0.00 ms.
Unloading 2367 Unused Serialized files (Serialized files now loaded: 0)
System memory in use before: 102.8 MB.
System memory in use after: 103.0 MB.

Unloading 16 unused Assets to reduce memory usage. Loaded Objects now: 2835.
Total: 5.393900 ms (FindLiveObjects: 0.498000 ms CreateObjectMapping: 0.280500 ms MarkObjects: 4.575300 ms  DeleteObjects: 0.037500 ms)

========================================================================
Received Import Request.
  Time since last request: 317.524817 seconds.
  path: Assets/Scripts/Player/CameraFollow.cs
  artifactKey: Guid(68bebf4543dbabb4a98618345031b764) Importer(815301076,1909f56bfc062723c751e8b465ee728b)
Start importing Assets/Scripts/Player/CameraFollow.cs using Guid(68bebf4543dbabb4a98618345031b764) Importer(815301076,1909f56bfc062723c751e8b465ee728b)  -> (artifact id: '62f5bd34239f3f6ba7c09269a7c2de19') in 0.010819 seconds
  Import took 0.016473 seconds .

========================================================================
Received Import Request.
  Time since last request: 0.002710 seconds.
  path: Assets/Scripts/Player/CameraFollow.cs
  artifactKey: Guid(68bebf4543dbabb4a98618345031b764) Importer(815301076,1909f56bfc062723c751e8b465ee728b)
Start importing Assets/Scripts/Player/CameraFollow.cs using Guid(68bebf4543dbabb4a98618345031b764) Importer(815301076,1909f56bfc062723c751e8b465ee728b)  -> (artifact id: '62f5bd34239f3f6ba7c09269a7c2de19') in 0.007215 seconds
  Import took 0.013020 seconds .

========================================================================
Received Prepare
Registering precompiled user dll's ...
Registered in 0.006831 seconds.
Begin MonoManager ReloadAssembly
Native extension for WindowsStandalone target not found
Refreshing native plugins compatible for Editor in 0.49 ms, found 3 plugins.
Preloading 0 native plugins for Editor in 0.00 ms.
Invoked RoslynAnalysisRunner static constructor.
RoslynAnalysisRunner will not be running.
RoslynAnalysisRunner has terminated.
Mono: successfully reloaded assembly
- Completed reload, in  1.088 seconds
Platform modules already initialized, skipping
Refreshing native plugins compatible for Editor in 0.46 ms, found 3 plugins.
Preloading 0 native plugins for Editor in 0.00 ms.
Unloading 2367 Unused Serialized files (Serialized files now loaded: 0)
System memory in use before: 102.9 MB.
System memory in use after: 103.1 MB.

Unloading 16 unused Assets to reduce memory usage. Loaded Objects now: 2839.
Total: 2.373100 ms (FindLiveObjects: 0.219400 ms CreateObjectMapping: 0.087400 ms MarkObjects: 2.048600 ms  DeleteObjects: 0.016700 ms)

========================================================================
Received Import Request.
  Time since last request: 42.636066 seconds.
  path: Assets/Scripts/Player/CameraFollow.cs
  artifactKey: Guid(68bebf4543dbabb4a98618345031b764) Importer(815301076,1909f56bfc062723c751e8b465ee728b)
Start importing Assets/Scripts/Player/CameraFollow.cs using Guid(68bebf4543dbabb4a98618345031b764) Importer(815301076,1909f56bfc062723c751e8b465ee728b)  -> (artifact id: 'ddc4084c916b2ac4c3f6748169ed593d') in 0.010686 seconds
  Import took 0.017093 seconds .

========================================================================
Received Import Request.
  Time since last request: 0.082366 seconds.
  path: Assets/Scripts/Player/CameraFollow.cs
  artifactKey: Guid(68bebf4543dbabb4a98618345031b764) Importer(815301076,1909f56bfc062723c751e8b465ee728b)
Start importing Assets/Scripts/Player/CameraFollow.cs using Guid(68bebf4543dbabb4a98618345031b764) Importer(815301076,1909f56bfc062723c751e8b465ee728b)  -> (artifact id: 'ddc4084c916b2ac4c3f6748169ed593d') in 0.006511 seconds
  Import took 0.012341 seconds .

========================================================================
Received Prepare
Registering precompiled user dll's ...
Registered in 0.006004 seconds.
Begin MonoManager ReloadAssembly
Native extension for WindowsStandalone target not found
Refreshing native plugins compatible for Editor in 0.46 ms, found 3 plugins.
Preloading 0 native plugins for Editor in 0.00 ms.
Invoked RoslynAnalysisRunner static constructor.
RoslynAnalysisRunner will not be running.
RoslynAnalysisRunner has terminated.
Mono: successfully reloaded assembly
- Completed reload, in  1.074 seconds
Platform modules already initialized, skipping
Refreshing native plugins compatible for Editor in 0.45 ms, found 3 plugins.
Preloading 0 native plugins for Editor in 0.00 ms.
Unloading 2367 Unused Serialized files (Serialized files now loaded: 0)
System memory in use before: 103.0 MB.
System memory in use after: 103.2 MB.

Unloading 16 unused Assets to reduce memory usage. Loaded Objects now: 2843.
Total: 2.643700 ms (FindLiveObjects: 0.340200 ms CreateObjectMapping: 0.138800 ms MarkObjects: 2.143800 ms  DeleteObjects: 0.019300 ms)

========================================================================
Received Import Request.
  Time since last request: 6.097282 seconds.
  path: Assets/Scripts/Player/CameraFollow.cs
  artifactKey: Guid(68bebf4543dbabb4a98618345031b764) Importer(815301076,1909f56bfc062723c751e8b465ee728b)
Start importing Assets/Scripts/Player/CameraFollow.cs using Guid(68bebf4543dbabb4a98618345031b764) Importer(815301076,1909f56bfc062723c751e8b465ee728b)  -> (artifact id: 'fcf29332e1251d5c84e0798b30a5c73f') in 0.011808 seconds
  Import took 0.017162 seconds .

========================================================================
Received Prepare
Registering precompiled user dll's ...
Registered in 0.007396 seconds.
Begin MonoManager ReloadAssembly
Native extension for WindowsStandalone target not found
Refreshing native plugins compatible for Editor in 0.61 ms, found 3 plugins.
Preloading 0 native plugins for Editor in 0.00 ms.
Invoked RoslynAnalysisRunner static constructor.
RoslynAnalysisRunner will not be running.
RoslynAnalysisRunner has terminated.
Mono: successfully reloaded assembly
- Completed reload, in  1.216 seconds
Platform modules already initialized, skipping
Refreshing native plugins compatible for Editor in 0.50 ms, found 3 plugins.
Preloading 0 native plugins for Editor in 0.00 ms.
Unloading 2367 Unused Serialized files (Serialized files now loaded: 0)
System memory in use before: 103.1 MB.
System memory in use after: 103.3 MB.

Unloading 16 unused Assets to reduce memory usage. Loaded Objects now: 2847.
Total: 3.494900 ms (FindLiveObjects: 0.469200 ms CreateObjectMapping: 0.128800 ms MarkObjects: 2.874000 ms  DeleteObjects: 0.021200 ms)

========================================================================
Received Import Request.
  Time since last request: 249.531452 seconds.
  path: Assets/Scripts/Player/CameraFollow.cs
  artifactKey: Guid(68bebf4543dbabb4a98618345031b764) Importer(815301076,1909f56bfc062723c751e8b465ee728b)
Start importing Assets/Scripts/Player/CameraFollow.cs using Guid(68bebf4543dbabb4a98618345031b764) Importer(815301076,1909f56bfc062723c751e8b465ee728b)  -> (artifact id: '2b0c2c1db084eac71e980b62ecf1945f') in 0.012175 seconds
  Import took 0.016487 seconds .

========================================================================
Received Import Request.
  Time since last request: 0.203973 seconds.
  path: Assets/Scripts/Player/CameraFollow.cs
  artifactKey: Guid(68bebf4543dbabb4a98618345031b764) Importer(815301076,1909f56bfc062723c751e8b465ee728b)
Start importing Assets/Scripts/Player/CameraFollow.cs using Guid(68bebf4543dbabb4a98618345031b764) Importer(815301076,1909f56bfc062723c751e8b465ee728b)  -> (artifact id: '2b0c2c1db084eac71e980b62ecf1945f') in 0.007088 seconds
  Import took 0.013259 seconds .

========================================================================
Received Prepare
Registering precompiled user dll's ...
Registered in 0.007291 seconds.
Begin MonoManager ReloadAssembly
Native extension for WindowsStandalone target not found
Refreshing native plugins compatible for Editor in 0.54 ms, found 3 plugins.
Preloading 0 native plugins for Editor in 0.00 ms.
Invoked RoslynAnalysisRunner static constructor.
RoslynAnalysisRunner will not be running.
RoslynAnalysisRunner has terminated.
Mono: successfully reloaded assembly
- Completed reload, in  1.277 seconds
Platform modules already initialized, skipping
Refreshing native plugins compatible for Editor in 0.52 ms, found 3 plugins.
Preloading 0 native plugins for Editor in 0.00 ms.
Unloading 2367 Unused Serialized files (Serialized files now loaded: 0)
System memory in use before: 103.2 MB.
System memory in use after: 103.4 MB.

Unloading 16 unused Assets to reduce memory usage. Loaded Objects now: 2851.
Total: 2.578400 ms (FindLiveObjects: 0.249100 ms CreateObjectMapping: 0.135200 ms MarkObjects: 2.175900 ms  DeleteObjects: 0.016700 ms)

========================================================================
Received Prepare
Registering precompiled user dll's ...
Registered in 0.006369 seconds.
Begin MonoManager ReloadAssembly
Native extension for WindowsStandalone target not found
Refreshing native plugins compatible for Editor in 0.46 ms, found 3 plugins.
Preloading 0 native plugins for Editor in 0.00 ms.
Invoked RoslynAnalysisRunner static constructor.
RoslynAnalysisRunner will not be running.
RoslynAnalysisRunner has terminated.
Mono: successfully reloaded assembly
- Completed reload, in  1.067 seconds
Platform modules already initialized, skipping
Refreshing native plugins compatible for Editor in 0.49 ms, found 3 plugins.
Preloading 0 native plugins for Editor in 0.00 ms.
Unloading 2367 Unused Serialized files (Serialized files now loaded: 0)
System memory in use before: 103.1 MB.
System memory in use after: 103.4 MB.

Unloading 16 unused Assets to reduce memory usage. Loaded Objects now: 2855.
Total: 2.498400 ms (FindLiveObjects: 0.278500 ms CreateObjectMapping: 0.141200 ms MarkObjects: 2.059900 ms  DeleteObjects: 0.017600 ms)

AssetImportWorkerClient::OnTransportError - code=2 error=End of file
